import time: self [us] | cumulative | imported package
import time:       108 |        108 | zipimport
import time:       553 |        553 | _frozen_importlib_external
import time:        68 |         68 |     _codecs
import time:      5323 |       5390 |   codecs
import time:       478 |        478 |   encodings.aliases
import time:       594 |       6461 | encodings
import time:       229 |        229 | encodings.utf_8
import time:       116 |        116 | _signal
import time:       268 |        268 | encodings.latin_1
import time:        54 |         54 |     _abc
import time:       804 |        858 |   abc
import time:       568 |       1425 | io
import time:        75 |         75 |   _locale
import time:       350 |        425 | _bootlocale
import time:        60 |         60 |       _stat
import time:       701 |        761 |     stat
import time:       607 |        607 |       genericpath
import time:      2049 |       2656 |     posixpath
import time:      3897 |       3897 |     _collections_abc
import time:      4059 |      11371 |   os
import time:       298 |        298 |   __builtin__
import time:       798 |        798 |   sitecustomize
import time:      4379 |      16845 | site
import time:       549 |        549 |   time
import time:   1001772 |    1002321 | small
import time:  10002916 |   10002916 | large
