import time: self [us] | cumulative | imported package
import time:       103 |        103 | zipimport
import time:       541 |        541 | _frozen_importlib_external
import time:        62 |         62 |     _codecs
import time:       510 |        571 |   codecs
import time:       501 |        501 |   encodings.aliases
import time:       634 |       1705 | encodings
import time:       225 |        225 | encodings.utf_8
import time:       120 |        120 | _signal
import time:       807 |        807 | encodings.latin_1
import time:        84 |         84 |     _abc
import time:       486 |        570 |   abc
import time:       623 |       1192 | io
import time:       109 |        109 |   _locale
import time:       289 |        397 | _bootlocale
import time:        83 |         83 |       _stat
import time:       412 |        495 |     stat
import time:       202 |        202 |       genericpath
import time:       307 |        508 |     posixpath
import time:      1295 |       1295 |     _collections_abc
import time:       837 |       3134 |   os
import time:       293 |        293 |   __builtin__
import time:      1110 |       1110 |   sitecustomize
import time:      1166 |       5702 | site
import time:       838 |        838 |   time
import time:      2170 |       3008 | small
import time:      1516 |       1516 | large
