import time: self [us] | cumulative | imported package
import time:       175 |        175 | zipimport
import time:       778 |        778 | _frozen_importlib_external
import time:        62 |         62 |     _codecs
import time:       487 |        549 |   codecs
import time:       563 |        563 |   encodings.aliases
import time:       664 |       1774 | encodings
import time:       228 |        228 | encodings.utf_8
import time:       112 |        112 | _signal
import time:       325 |        325 | encodings.latin_1
import time:        51 |         51 |     _abc
import time:       296 |        346 |   abc
import time:       298 |        644 | io
import time:        79 |         79 |   _locale
import time:       182 |        260 | _bootlocale
import time:        70 |         70 |       _stat
import time:       376 |        445 |     stat
import time:       178 |        178 |       genericpath
import time:       249 |        426 |     posixpath
import time:      1198 |       1198 |     _collections_abc
import time:       673 |       2741 |   os
import time:       262 |        262 |   __builtin__
import time:       970 |        970 |   sitecustomize
import time:       914 |       4885 | site
import time:       525 |        525 |   time
import time:   3002347 |    3002347 |   shared
import time:   1002910 |    4005781 | equal1
import time:   1010078 |    1010078 | equal2
