import time: self [us] | cumulative | imported package
import time:       108 |        108 | zipimport
import time:       574 |        574 | _frozen_importlib_external
import time:        61 |         61 |     _codecs
import time:       489 |        550 |   codecs
import time:       513 |        513 |   encodings.aliases
import time:       596 |       1658 | encodings
import time:       224 |        224 | encodings.utf_8
import time:       108 |        108 | _signal
import time:       322 |        322 | encodings.latin_1
import time:        48 |         48 |     _abc
import time:       286 |        333 |   abc
import time:       287 |        620 | io
import time:        77 |         77 |   _locale
import time:       177 |        253 | _bootlocale
import time:        64 |         64 |       _stat
import time:       287 |        351 |     stat
import time:       178 |        178 |       genericpath
import time:       240 |        417 |     posixpath
import time:      1133 |       1133 |     _collections_abc
import time:       611 |       2511 |   os
import time:       246 |        246 |   __builtin__
import time:      1025 |       1025 |   sitecustomize
import time:       911 |       4692 | site
import time:       525 |        525 |     time
import time:    301501 |     302025 |   funcs
import time:    505614 |     505614 |   constants
import time:      1713 |     809352 | one
import time:       726 |        726 | two
